<?xml version="1.0" encoding="UTF-8"?>
<testsuite xmlns:xsi="http://www.w3.org/2001/XMLSchema-instance" xsi:noNamespaceSchemaLocation="https://maven.apache.org/surefire/maven-surefire-plugin/xsd/surefire-test-report.xsd" name="jar.AppTest" time="0.047" tests="1" errors="0" skipped="0" failures="0">
  <properties>
    <property name="sun.desktop" value="windows"/>
    <property name="awt.toolkit" value="sun.awt.windows.WToolkit"/>
    <property name="file.encoding.pkg" value="sun.io"/>
    <property name="java.specification.version" value="1.8"/>
    <property name="sun.cpu.isalist" value="amd64"/>
    <property name="sun.jnu.encoding" value="Cp1252"/>
    <property name="java.class.path" value="C:\Users\lenove\Downloads\aws\target\test-classes;C:\Users\lenove\Downloads\aws\target\classes;C:\Users\lenove\.m2\repository\junit\junit\4.11\junit-4.11.jar;C:\Users\lenove\.m2\repository\org\hamcrest\hamcrest-core\1.3\hamcrest-core-1.3.jar;"/>
    <property name="java.vm.vendor" value="Oracle Corporation"/>
    <property name="sun.arch.data.model" value="64"/>
    <property name="user.variant" value=""/>
    <property name="java.vendor.url" value="http://java.oracle.com/"/>
    <property name="user.timezone" value="Asia/Calcutta"/>
    <property name="java.vm.specification.version" value="1.8"/>
    <property name="os.name" value="Windows 7"/>
    <property name="user.country" value="IN"/>
    <property name="sun.java.launcher" value="SUN_STANDARD"/>
    <property name="sun.boot.library.path" value="C:\Users\lenove\Downloads\DEVOPS SOFT\jdk1.8.0_191\jre\bin"/>
    <property name="sun.java.command" value="C:\Users\lenove\AppData\Local\Temp\surefire2326432471139861584\surefirebooter3276399197833963520.jar C:\Users\lenove\AppData\Local\Temp\surefire2326432471139861584 2019-05-19T18-03-46_768-jvmRun1 surefire3517232401497297557tmp surefire_07146433418915741086tmp"/>
    <property name="surefire.test.class.path" value="C:\Users\lenove\Downloads\aws\target\test-classes;C:\Users\lenove\Downloads\aws\target\classes;C:\Users\lenove\.m2\repository\junit\junit\4.11\junit-4.11.jar;C:\Users\lenove\.m2\repository\org\hamcrest\hamcrest-core\1.3\hamcrest-core-1.3.jar;"/>
    <property name="sun.cpu.endian" value="little"/>
    <property name="user.home" value="C:\Users\lenove"/>
    <property name="user.language" value="en"/>
    <property name="java.specification.vendor" value="Oracle Corporation"/>
    <property name="java.home" value="C:\Users\lenove\Downloads\DEVOPS SOFT\jdk1.8.0_191\jre"/>
    <property name="basedir" value="C:\Users\lenove\Downloads\aws"/>
    <property name="file.separator" value="\"/>
    <property name="line.separator" value="&#10;"/>
    <property name="java.vm.specification.vendor" value="Oracle Corporation"/>
    <property name="java.specification.name" value="Java Platform API Specification"/>
    <property name="java.awt.graphicsenv" value="sun.awt.Win32GraphicsEnvironment"/>
    <property name="surefire.real.class.path" value="C:\Users\lenove\AppData\Local\Temp\surefire2326432471139861584\surefirebooter3276399197833963520.jar"/>
    <property name="sun.boot.class.path" value="C:\Users\lenove\Downloads\DEVOPS SOFT\jdk1.8.0_191\jre\lib\resources.jar;C:\Users\lenove\Downloads\DEVOPS SOFT\jdk1.8.0_191\jre\lib\rt.jar;C:\Users\lenove\Downloads\DEVOPS SOFT\jdk1.8.0_191\jre\lib\sunrsasign.jar;C:\Users\lenove\Downloads\DEVOPS SOFT\jdk1.8.0_191\jre\lib\jsse.jar;C:\Users\lenove\Downloads\DEVOPS SOFT\jdk1.8.0_191\jre\lib\jce.jar;C:\Users\lenove\Downloads\DEVOPS SOFT\jdk1.8.0_191\jre\lib\charsets.jar;C:\Users\lenove\Downloads\DEVOPS SOFT\jdk1.8.0_191\jre\lib\jfr.jar;C:\Users\lenove\Downloads\DEVOPS SOFT\jdk1.8.0_191\jre\classes"/>
    <property name="user.script" value=""/>
    <property name="sun.management.compiler" value="HotSpot 64-Bit Tiered Compilers"/>
    <property name="java.runtime.version" value="1.8.0_191-b12"/>
    <property name="user.name" value="lenove"/>
    <property name="path.separator" value=";"/>
    <property name="os.version" value="6.1"/>
    <property name="java.endorsed.dirs" value="C:\Users\lenove\Downloads\DEVOPS SOFT\jdk1.8.0_191\jre\lib\endorsed"/>
    <property name="java.runtime.name" value="Java(TM) SE Runtime Environment"/>
    <property name="file.encoding" value="Cp1252"/>
    <property name="java.vm.name" value="Java HotSpot(TM) 64-Bit Server VM"/>
    <property name="localRepository" value="C:\Users\lenove\.m2\repository"/>
    <property name="java.vendor.url.bug" value="http://bugreport.sun.com/bugreport/"/>
    <property name="java.io.tmpdir" value="C:\Users\lenove\AppData\Local\Temp\"/>
    <property name="java.version" value="1.8.0_191"/>
    <property name="user.dir" value="C:\Users\lenove\Downloads\aws"/>
    <property name="os.arch" value="amd64"/>
    <property name="java.vm.specification.name" value="Java Virtual Machine Specification"/>
    <property name="java.awt.printerjob" value="sun.awt.windows.WPrinterJob"/>
    <property name="sun.os.patch.level" value="Service Pack 1"/>
    <property name="java.library.path" value="C:\Users\lenove\Downloads\DEVOPS SOFT\jdk1.8.0_191\jre\bin;C:\Windows\Sun\Java\bin;C:\Windows\system32;C:\Windows;C:\Program Files (x86)\Common Files\Oracle\Java\javapath;C:\Windows\system32;C:\Windows;C:\Windows\System32\Wbem;C:\Windows\System32\WindowsPowerShell\v1.0\;C:\Program Files\Intel\WiFi\bin\;C:\Program Files\Common Files\Intel\WirelessCommon\;C:\Program Files (x86)\PuTTY\;C:\Program Files\Git\cmd;C:\Users\lenove\Downloads\apache-maven-3.6.1\bin;C:\Program Files\Intel\WiFi\bin\;C:\Program Files\Common Files\Intel\WirelessCommon\;."/>
    <property name="java.vm.info" value="mixed mode"/>
    <property name="java.vendor" value="Oracle Corporation"/>
    <property name="java.vm.version" value="25.191-b12"/>
    <property name="java.ext.dirs" value="C:\Users\lenove\Downloads\DEVOPS SOFT\jdk1.8.0_191\jre\lib\ext;C:\Windows\Sun\Java\lib\ext"/>
    <property name="sun.io.unicode.encoding" value="UnicodeLittle"/>
    <property name="java.class.version" value="52.0"/>
  </properties>
  <testcase name="shouldAnswerWithTrue" classname="jar.AppTest" time="0"/>
</testsuite>